# THIS IS AN AUTOGENERATED FILE. DO NOT EDIT THIS FILE DIRECTLY.

./deployment/IMPORT_INSTRUCTIONS.md:75: TODO: Update the above line
./deployment/constructs/lambda-dynamo-event.ts:69: TODO: test deploy and watch performance with this using lambda.Function vs lambda_nodejs.NodejsFunction
./deployment/constructs/lambda.ts:84: TODO: test deploy and watch performance with this using lambda.Function vs lambda_nodejs.NodejsFunction
./deployment/deployment-config.ts:24: TODO: remove jon-cdk after main is deployed
./deployment/stacks/api.ts:23: TODO: does this need to point to the tsconfig.json file in services/app-api?
./deployment/stacks/api.ts:24: TODO: with seds, table names and streams came from the database stack, confirm that is still happening here.
./deployment/stacks/api.ts:25: TODO: add topicNamespace
./deployment/stacks/api.ts:26: TODO: check function timeouts and memory sizes and environment variables
./deployment/stacks/api.ts:279: TODO: confirm only attached to the streams wpReport and sarReport
./deployment/stacks/api.ts:56: TODO
./deployment/stacks/api.ts:57: TODO
./deployment/stacks/api.ts:58: TODO
./deployment/stacks/data.ts:20: TODO: check table configs
./deployment/stacks/data.ts:21: TODO: check bucket logging configs
./deployment/stacks/deployFrontend.ts:101: TODO: update the below for these additional variables
./deployment/stacks/ui-auth.ts:287: TODO: test deploy and watch performance with scope using lambda.Function vs lambda_nodejs.NodejsFunction
./deployment/stacks/ui-auth.ts:56: TODO: fix this not being used.  reference serverless.yml conditional CreateEmailConfiguration
./services/ui-src/src/components/banners/AdminBannerProvider.test.tsx:137: TODO:
./services/ui-src/src/components/layout/Timeout.tsx:33: TODO: When autosave is implemented, set up a callback function to listen to calls to update in authLifecycle
./services/ui-src/src/components/pages/Admin/AdminPage.test.tsx:107: TODO: actually toggle active status
./services/ui-src/src/components/reports/DynamicModalOverlayReportPage.tsx:50: TODO, do we need to set isCopied here, or is setting it in the API during the copy sufficient?
./services/ui-src/src/components/reports/ModalOverlayReportPage.test.tsx:76: TODO: test delete modal + functionality
./services/ui-src/src/components/reports/ReportProvider.test.tsx:200: TODO: This test passes when run by itself, but fails when the whole suite runs.
./services/ui-src/src/components/reports/ReportProvider.tsx:157: TODO: Remove casting
./services/ui-src/src/components/reports/ReportProvider.tsx:174: TODO: Remove casting
./services/ui-src/src/components/tables/Table.tsx:151: TODO: add additional styling for two-column dynamic field tables if needed
./services/ui-src/src/components/tables/getEntityStatus.test.ts:174: TODO this feels like a bug, right? Or can it never come up?
./services/ui-src/src/components/tables/getEntityStatus.test.ts:510: TODO test modalForm
./services/ui-src/src/utils/api/requestMethods/report.ts:22: TODO: Swap report from AnyObject to a ReportMetaData + FieldData type
./services/ui-src/src/utils/forms/forms.test.ts:253: TODO: Evidently it should not */
./services/ui-src/src/utils/reports/entities.test.ts:174: TODO:
./src/run.ts:229: TODO: may not be needed anymore.
./src/run.ts:251: TODO: may not need the below? or the above?
./src/run.ts:290: TODO: the line above or below, not both
./src/run.ts:362: TODO: update for not SLS
./src/run.ts:384: TODO: update for not SLS
./src/write-ui-env-file.ts:13: TODO: update the below for these additional variables
./tests/cypress/e2e/login.cy.js:1: TODO: make an assertion in these tests
./tests/playwright/sar/create.spec.ts:17: TODO: Seed WP
./tests/playwright/wp/approve.spec.ts:18: TODO: Seed WP
